[0m
[0m [0m [0m [0m [0m [0m [0m [0m [0m [0m [0m [0m [0m [0m [0m [0m [0m [0m [0m [0m [0m [0m [0m [0m [0m [0m [0m [0m [0m [0m [0m [0m [0m [0m [0m [0m [0m [0m [0m [0m [0m [0m [0m [0m [0m [0m [0m [0m [0m [0m [0m [0m [0m [0m [0m [0m [0m [0m [0m [48;5;255m [48;5;255m [0m [0m [0m [0m [0m [0m [0m [0m [0m [0m [0m [0m
[0m [0m [0m [0m [0m [0m [0m [0m [0m [0m [0m [0m [0m [0m [0m [0m [0m [0m [0m [0m [0m [0m [0m [0m [0m [0m [0m [0m [0m [0m [0m [0m [0m [0m [0m [0m [0m [0m [0m [0m [0m [0m [0m [0m [0m [0m [0m [0m [0m [0m [0m [0m [0m [0m [0m [0m [0m [0m [0m [48;5;255m [48;5;255m [0m [0m [0m [0m [0m [0m [0m [0m [0m [0m [0m [0m
[0m [0m [0m [0m [0m [0m [0m [0m [0m [0m [0m [0m [0m [0m [0m [0m [0m [0m [0m [0m [0m [0m [0m [0m [0m [0m [0m [0m [0m [0m [0m [0m [0m [0m [0m [0m [0m [0m [0m [0m [0m [0m [0m [0m [0m [0m [0m [0m [0m [0m [0m [0m [0m [0m [0m [0m [0m [0m [0m [48;5;255m [48;5;255m [0m [0m [0m [0m [0m [0m [0m [0m [0m [0m [0m [0m
[48;5;255m [48;5;255m [48;5;255m [48;5;255m [48;5;255m [48;5;255m [48;5;255m [0m [0m [48;5;255m [48;5;255m [48;5;255m [48;5;255m [48;5;255m [48;5;255m [48;5;255m [48;5;255m [0m [0m [48;5;255m [48;5;255m [48;5;255m [48;5;255m [48;5;255m [48;5;255m [48;5;255m [48;5;255m [48;5;255m [48;5;255m [48;5;255m [48;5;255m [0m [0m [48;5;255m [48;5;255m [48;5;255m [48;5;255m [48;5;255m [48;5;255m [48;5;255m [48;5;255m [0m [0m [48;5;255m [48;5;255m [48;5;255m [48;5;255m [48;5;255m [48;5;255m [48;5;255m [48;5;255m [0m [0m [48;5;255m [48;5;255m [48;5;255m [48;5;255m [48;5;255m [48;5;255m [48;5;255m [48;5;255m [0m [0m [48;5;255m [48;5;255m [48;5;255m [48;5;255m [48;5;255m [48;5;255m [48;5;255m [48;5;255m [0m [0m [48;5;255m [48;5;255m [48;5;255m [48;5;255m [48;5;255m [48;5;255m [48;5;255m [48;5;255m [0m
[48;5;255m [48;5;255m [0m [0m [0m [0m [0m [0m [0m [48;5;255m [48;5;255m [0m [0m [0m [0m [48;5;255m [48;5;255m [0m [0m [48;5;255m [48;5;255m [0m [0m [0m [48;5;255m [48;5;255m [0m [0m [0m [48;5;255m [48;5;255m [0m [0m [48;5;255m [48;5;255m [0m [0m [0m [0m [48;5;255m [48;5;255m [0m [0m [48;5;255m [48;5;255m [0m [0m [0m [0m [48;5;255m [48;5;255m [0m [0m [48;5;255m [48;5;255m [0m [0m [0m [0m [48;5;255m [48;5;255m [0m [0m [48;5;255m [48;5;255m [0m [0m [0m [0m [48;5;255m [48;5;255m [0m [0m [48;5;255m [48;5;255m [0m
[48;5;255m [48;5;255m [0m [0m [0m [0m [0m [0m [0m [48;5;255m [48;5;255m [0m [0m [0m [0m [48;5;255m [48;5;255m [0m [0m [48;5;255m [48;5;255m [0m [0m [0m [48;5;255m [48;5;255m [0m [0m [0m [48;5;255m [48;5;255m [0m [0m [48;5;255m [48;5;255m [0m [0m [0m [0m [48;5;255m [48;5;255m [0m [0m [48;5;255m [48;5;255m [0m [0m [0m [0m [48;5;255m [48;5;255m [0m [0m [48;5;255m [48;5;255m [0m [0m [0m [0m [48;5;255m [48;5;255m [0m [0m [48;5;255m [48;5;255m [0m [0m [0m [0m [48;5;255m [48;5;255m [0m [0m [48;5;255m [48;5;255m [0m
[48;5;255m [48;5;255m [0m [0m [0m [0m [0m [0m [0m [48;5;255m [48;5;255m [0m [0m [0m [0m [48;5;255m [48;5;255m [0m [0m [48;5;255m [48;5;255m [0m [0m [0m [48;5;255m [48;5;255m [0m [0m [0m [48;5;255m [48;5;255m [0m [0m [48;5;255m [48;5;255m [0m [0m [0m [0m [48;5;255m [48;5;255m [0m [0m [48;5;255m [48;5;255m [0m [0m [0m [0m [48;5;255m [48;5;255m [0m [0m [48;5;255m [48;5;255m [0m [0m [0m [0m [48;5;255m [48;5;255m [0m [0m [48;5;255m [48;5;255m [0m [0m [0m [0m [48;5;255m [48;5;255m [0m [0m [48;5;255m [48;5;255m [0m
[48;5;255m [48;5;255m [48;5;255m [48;5;255m [48;5;255m [48;5;255m [48;5;255m [0m [0m [48;5;255m [48;5;255m [48;5;255m [48;5;255m [48;5;255m [48;5;255m [48;5;255m [48;5;255m [0m [0m [48;5;255m [48;5;255m [0m [0m [0m [48;5;255m [48;5;255m [0m [0m [0m [48;5;255m [48;5;255m [0m [0m [48;5;255m [48;5;255m [48;5;255m [48;5;255m [48;5;255m [48;5;255m [48;5;255m [48;5;255m [0m [0m [48;5;255m [48;5;255m [48;5;255m [48;5;255m [48;5;255m [48;5;255m [48;5;255m [48;5;255m [0m [0m [48;5;255m [48;5;255m [48;5;255m [48;5;255m [48;5;255m [48;5;255m [48;5;255m [48;5;255m [0m [0m [48;5;255m [48;5;255m [48;5;255m [48;5;255m [48;5;255m [48;5;255m [48;5;255m [48;5;255m [0m [0m [48;5;255m [48;5;255m [48;5;255m [48;5;255m [48;5;255m [48;5;255m [48;5;255m [48;5;255m [0m
[0m [0m [0m [0m [0m [0m [0m [0m [0m [0m [0m [0m [0m [0m [0m [0m [0m [0m [0m [0m [0m [0m [0m [0m [0m [0m [0m [0m [0m [0m [0m [0m [0m [48;5;255m [48;5;255m [0m [0m [0m [0m [0m [0m [0m [0m [0m [0m [0m [0m
[0m [0m [0m [0m [0m [0m [0m [0m [0m [0m [0m [0m [0m [0m [0m [0m [0m [0m [0m [0m [0m [0m [0m [0m [0m [0m [0m [0m [0m [0m [0m [0m [0m [48;5;255m [48;5;255m [0m [0m [0m [0m [0m [0m [0m [0m [0m [0m [0m [0m
[0m [0m [0m [0m [0m [0m [0m [0m [0m [0m [0m [0m [0m [0m [0m [0m [0m [0m [0m [0m [0m [0m [0m [0m [0m [0m [0m [0m [0m [0m [0m [0m [0m [48;5;255m [48;5;255m [0m [0m [0m [0m [0m [0m [0m [0m [0m [0m [0m [0m

1.1.19

TypeScript version used by Compodoc : 4.5.5

TypeScript version of current project : 4.6.2

Node.js version : v16.13.2

Operating system : Windows 10

[15:57:44] No configuration file found, switching to CLI flags.
[15:57:44] Using tsconfig file : C:\Projects\Storybook_Tutorials\taskbox\tsconfig.json
[15:57:44] Including      : C:\Projects\Storybook_Tutorials\taskbox\.gitignore
[15:57:44] Including      : C:\Projects\Storybook_Tutorials\taskbox\.browserslistrc
[15:57:44] Including      : C:\Projects\Storybook_Tutorials\taskbox\.editorconfig
[15:57:44] Including      : C:\Projects\Storybook_Tutorials\taskbox\angular.json
[15:57:44] Including      : C:\Projects\Storybook_Tutorials\taskbox\documentation.json
[15:57:44] Including      : C:\Projects\Storybook_Tutorials\taskbox\jest.config.js
[15:57:44] Including      : C:\Projects\Storybook_Tutorials\taskbox\LICENSE
[15:57:44] Including      : C:\Projects\Storybook_Tutorials\taskbox\package-lock.json
[15:57:44] Including      : C:\Projects\Storybook_Tutorials\taskbox\package.json
[15:57:44] Including      : C:\Projects\Storybook_Tutorials\taskbox\README.md
[15:57:44] Including      : C:\Projects\Storybook_Tutorials\taskbox\build-storybook.log
[15:57:44] Including      : C:\Projects\Storybook_Tutorials\taskbox\tsconfig.json
[15:57:44] Including      : C:\Projects\Storybook_Tutorials\taskbox\tsconfig.app.json
[15:57:44] Including      : C:\Projects\Storybook_Tutorials\taskbox\tsconfig.spec.json
[15:57:44] Including      : C:\Projects\Storybook_Tutorials\taskbox\.storybook\preview.js
[15:57:44] Including      : C:\Projects\Storybook_Tutorials\taskbox\.storybook\main.js
[15:57:44] Including      : C:\Projects\Storybook_Tutorials\taskbox\jest-config\setup.ts
[15:57:44] Including      : C:\Projects\Storybook_Tutorials\taskbox\.storybook\tsconfig.json
[15:57:44] Ignoring       : C:\Projects\Storybook_Tutorials\taskbox\.storybook\typings.d.ts
[15:57:44] Including      : C:\Projects\Storybook_Tutorials\taskbox\src\favicon.ico
[15:57:44] Including      : C:\Projects\Storybook_Tutorials\taskbox\src\main.ts
[15:57:44] Including      : C:\Projects\Storybook_Tutorials\taskbox\src\polyfills.ts
[15:57:44] Including      : C:\Projects\Storybook_Tutorials\taskbox\src\index.html
[15:57:44] Including      : C:\Projects\Storybook_Tutorials\taskbox\src\styles.css
[15:57:44] Including      : C:\Projects\Storybook_Tutorials\taskbox\jest-config\__mocks__\globalMocks.ts
[15:57:44] Including      : C:\Projects\Storybook_Tutorials\taskbox\jest-config\__mocks__\fileMock.js
[15:57:44] Ignoring       : C:\Projects\Storybook_Tutorials\taskbox\src\app\app.component.spec.ts
[15:57:44] Including      : C:\Projects\Storybook_Tutorials\taskbox\jest-config\__mocks__\styleMock.js
[15:57:44] Including      : C:\Projects\Storybook_Tutorials\taskbox\src\app\app.component.css
[15:57:44] Including      : C:\Projects\Storybook_Tutorials\taskbox\src\app\app.component.ts
[15:57:44] Including      : C:\Projects\Storybook_Tutorials\taskbox\src\app\app.module.ts
[15:57:44] Including      : C:\Projects\Storybook_Tutorials\taskbox\src\app\app.component.html
[15:57:44] Including      : C:\Projects\Storybook_Tutorials\taskbox\src\assets\.gitkeep
[15:57:44] Including      : C:\Projects\Storybook_Tutorials\taskbox\src\environments\environment.ts
[15:57:44] Including      : C:\Projects\Storybook_Tutorials\taskbox\src\environments\environment.prod.ts
[15:57:44] Including      : C:\Projects\Storybook_Tutorials\taskbox\src\stories\button.component.ts
[15:57:44] Including      : C:\Projects\Storybook_Tutorials\taskbox\src\stories\Button.stories.ts
[15:57:44] Including      : C:\Projects\Storybook_Tutorials\taskbox\src\stories\header.component.ts
[15:57:44] Including      : C:\Projects\Storybook_Tutorials\taskbox\src\stories\button.css
[15:57:44] Including      : C:\Projects\Storybook_Tutorials\taskbox\src\stories\Header.stories.ts
[15:57:44] Including      : C:\Projects\Storybook_Tutorials\taskbox\src\stories\page.component.ts
[15:57:44] Including      : C:\Projects\Storybook_Tutorials\taskbox\src\stories\header.css
[15:57:44] Including      : C:\Projects\Storybook_Tutorials\taskbox\src\stories\Introduction.stories.mdx
[15:57:44] Including      : C:\Projects\Storybook_Tutorials\taskbox\src\stories\Page.stories.ts
[15:57:44] Including      : C:\Projects\Storybook_Tutorials\taskbox\src\stories\page.css
[15:57:44] Including      : C:\Projects\Storybook_Tutorials\taskbox\src\stories\User.ts
[15:57:44] Including      : C:\Projects\Storybook_Tutorials\taskbox\src\app\components\task.module.ts
[15:57:44] Including      : C:\Projects\Storybook_Tutorials\taskbox\src\app\models\task.model.ts
[15:57:44] Including      : C:\Projects\Storybook_Tutorials\taskbox\src\assets\font\OpenSans-Light-webfont.eot
[15:57:44] Including      : C:\Projects\Storybook_Tutorials\taskbox\src\assets\font\OpenSans-Light-webfont.svg
[15:57:44] Including      : C:\Projects\Storybook_Tutorials\taskbox\src\assets\font\OpenSans-Light-webfont.ttf
[15:57:44] Including      : C:\Projects\Storybook_Tutorials\taskbox\src\assets\font\OpenSans-Light-webfont.woff
[15:57:44] Including      : C:\Projects\Storybook_Tutorials\taskbox\src\assets\font\OpenSans-Regular-webfont.eot
[15:57:44] Including      : C:\Projects\Storybook_Tutorials\taskbox\src\assets\font\OpenSans-Regular-webfont.svg
[15:57:44] Including      : C:\Projects\Storybook_Tutorials\taskbox\src\app\state\task.state.ts
[15:57:44] Including      : C:\Projects\Storybook_Tutorials\taskbox\src\assets\font\OpenSans-Regular-webfont.woff
[15:57:44] Including      : C:\Projects\Storybook_Tutorials\taskbox\src\assets\font\OpenSans-Regular-webfont.ttf
[15:57:44] Including      : C:\Projects\Storybook_Tutorials\taskbox\src\assets\icon\percolate.eot
[15:57:44] Including      : C:\Projects\Storybook_Tutorials\taskbox\src\assets\icon\percolate.svg
[15:57:44] Including      : C:\Projects\Storybook_Tutorials\taskbox\src\assets\icon\percolate.ttf
[15:57:44] Including      : C:\Projects\Storybook_Tutorials\taskbox\src\assets\icon\percolate.woff
[15:57:44] Including      : C:\Projects\Storybook_Tutorials\taskbox\src\stories\assets\code-brackets.svg
[15:57:44] Including      : C:\Projects\Storybook_Tutorials\taskbox\src\stories\assets\colors.svg
[15:57:44] Including      : C:\Projects\Storybook_Tutorials\taskbox\src\stories\assets\comments.svg
[15:57:44] Including      : C:\Projects\Storybook_Tutorials\taskbox\src\stories\assets\direction.svg
[15:57:44] Including      : C:\Projects\Storybook_Tutorials\taskbox\src\stories\assets\plugin.svg
[15:57:44] Including      : C:\Projects\Storybook_Tutorials\taskbox\src\stories\assets\flow.svg
[15:57:44] Including      : C:\Projects\Storybook_Tutorials\taskbox\src\stories\assets\repo.svg
[15:57:44] Including      : C:\Projects\Storybook_Tutorials\taskbox\src\stories\assets\stackalt.svg
[15:57:44] Including      : C:\Projects\Storybook_Tutorials\taskbox\src\app\components\task\task.component.html
[15:57:44] Including      : C:\Projects\Storybook_Tutorials\taskbox\src\app\components\task\task.stories.ts
[15:57:44] Including      : C:\Projects\Storybook_Tutorials\taskbox\src\app\components\task\task.component.ts
[15:57:44] Including      : C:\Projects\Storybook_Tutorials\taskbox\src\app\components\inbox-screen\inbox-screen.component.html
[15:57:44] Including      : C:\Projects\Storybook_Tutorials\taskbox\src\app\components\inbox-screen\inbox-screen.component.ts
[15:57:44] Including      : C:\Projects\Storybook_Tutorials\taskbox\src\app\components\inbox-screen\pure-inbox-screen.component.html
[15:57:44] Including      : C:\Projects\Storybook_Tutorials\taskbox\src\app\components\inbox-screen\pure-inbox-screen.component.ts
[15:57:44] Including      : C:\Projects\Storybook_Tutorials\taskbox\src\app\components\inbox-screen\pure-inbox-screen.stories.ts
[15:57:44] Including      : C:\Projects\Storybook_Tutorials\taskbox\src\app\components\task-list\pure-task-list.component.html
[15:57:44] Including      : C:\Projects\Storybook_Tutorials\taskbox\src\app\components\task-list\pure-task-list.component.ts
[15:57:44] Including      : C:\Projects\Storybook_Tutorials\taskbox\src\app\components\task-list\pure-task-list.stories.ts
[15:57:44] Including      : C:\Projects\Storybook_Tutorials\taskbox\src\app\components\task-list\task-list.component.html
[15:57:44] Including      : C:\Projects\Storybook_Tutorials\taskbox\src\app\components\task-list\task-list.component.ts
[15:57:44] Including      : C:\Projects\Storybook_Tutorials\taskbox\.angular\cache\13.3.7\babel-webpack\013e93a1fcaeece90bc6328ed922ed07.json
[15:57:44] Including      : C:\Projects\Storybook_Tutorials\taskbox\.angular\cache\13.3.7\babel-webpack\03da58e0ac45dfd93feb270c3d17327d.json
[15:57:44] Including      : C:\Projects\Storybook_Tutorials\taskbox\.angular\cache\13.3.7\babel-webpack\0561898352f96891942d7ab08f4932b3.json
[15:57:44] Including      : C:\Projects\Storybook_Tutorials\taskbox\.angular\cache\13.3.7\babel-webpack\05885cd131555f0fd493609bddf5d37b.json
[15:57:44] Including      : C:\Projects\Storybook_Tutorials\taskbox\.angular\cache\13.3.7\babel-webpack\05d4948d01551e692f75f9a334edfbb2.json
[15:57:44] Including      : C:\Projects\Storybook_Tutorials\taskbox\.angular\cache\13.3.7\babel-webpack\08a22a6cd09a15dbd68b020a9b1b4779.json
[15:57:44] Including      : C:\Projects\Storybook_Tutorials\taskbox\.angular\cache\13.3.7\babel-webpack\09aa7a66b1eb22c3a10c98c42b2df40a.json
[15:57:44] Including      : C:\Projects\Storybook_Tutorials\taskbox\.angular\cache\13.3.7\babel-webpack\0aa4bdddf6ebf044a038e948fa03b066.json
[15:57:44] Including      : C:\Projects\Storybook_Tutorials\taskbox\.angular\cache\13.3.7\babel-webpack\0d1bc7334b35f9a538ffe1f3df7e1d07.json
[15:57:44] Including      : C:\Projects\Storybook_Tutorials\taskbox\.angular\cache\13.3.7\babel-webpack\13a69155d7416c4f29ea83750a9884f8.json
[15:57:44] Including      : C:\Projects\Storybook_Tutorials\taskbox\.angular\cache\13.3.7\babel-webpack\0e2d6b480a168717fe4135025cfc4603.json
[15:57:44] Including      : C:\Projects\Storybook_Tutorials\taskbox\.angular\cache\13.3.7\babel-webpack\147bafb9c16f5e3018f884870c8d5e00.json
[15:57:44] Including      : C:\Projects\Storybook_Tutorials\taskbox\.angular\cache\13.3.7\babel-webpack\1a6699ec1301ca1c55bc2b493b16e5a7.json
[15:57:44] Including      : C:\Projects\Storybook_Tutorials\taskbox\.angular\cache\13.3.7\babel-webpack\22a6b4de9b09dcc79f536d96a826df39.json
[15:57:44] Including      : C:\Projects\Storybook_Tutorials\taskbox\.angular\cache\13.3.7\babel-webpack\1d0172b92c177ccf3f0a656dcbc5e887.json
[15:57:44] Including      : C:\Projects\Storybook_Tutorials\taskbox\.angular\cache\13.3.7\babel-webpack\22315f5d22bec9d5a1a8acb4494941a6.json
[15:57:44] Including      : C:\Projects\Storybook_Tutorials\taskbox\.angular\cache\13.3.7\babel-webpack\25c20ac3d8551fb226a7b3da6be8af6e.json
[15:57:44] Including      : C:\Projects\Storybook_Tutorials\taskbox\.angular\cache\13.3.7\babel-webpack\2c352e96f3c249ebf8fe68764b0d1e30.json
[15:57:44] Including      : C:\Projects\Storybook_Tutorials\taskbox\.angular\cache\13.3.7\babel-webpack\2cf6a63384f32e6de38ed77b22ae0e45.json
[15:57:44] Including      : C:\Projects\Storybook_Tutorials\taskbox\.angular\cache\13.3.7\babel-webpack\2d07af1e9b3c68c1bedc7c9e805512ca.json
[15:57:44] Including      : C:\Projects\Storybook_Tutorials\taskbox\.angular\cache\13.3.7\babel-webpack\32c2f95f2aec44f9779ec01c53bd3011.json
[15:57:44] Including      : C:\Projects\Storybook_Tutorials\taskbox\.angular\cache\13.3.7\babel-webpack\329c0ac69362ef618bdf086c0ef52fa9.json
[15:57:44] Including      : C:\Projects\Storybook_Tutorials\taskbox\.angular\cache\13.3.7\babel-webpack\319f3c779681b1ec3053a4cf6e1459c5.json
[15:57:44] Including      : C:\Projects\Storybook_Tutorials\taskbox\.angular\cache\13.3.7\babel-webpack\32de633d34fb07483dd379fe7fb16642.json
[15:57:44] Including      : C:\Projects\Storybook_Tutorials\taskbox\.angular\cache\13.3.7\babel-webpack\34c350fe0d96a2e3b0f17c3e9ff2e9c8.json
[15:57:44] Including      : C:\Projects\Storybook_Tutorials\taskbox\.angular\cache\13.3.7\babel-webpack\392b6e2bac743c2f4dc67c3bb91b7761.json
[15:57:44] Including      : C:\Projects\Storybook_Tutorials\taskbox\.angular\cache\13.3.7\babel-webpack\37b2aeaccb77237d7b1a5ef4175f1ccd.json
[15:57:44] Including      : C:\Projects\Storybook_Tutorials\taskbox\.angular\cache\13.3.7\babel-webpack\3861cda45a05cf3eec39b184be603766.json
[15:57:44] Including      : C:\Projects\Storybook_Tutorials\taskbox\.angular\cache\13.3.7\babel-webpack\3b100d056eab87ae21eee0c11fbb0623.json
[15:57:44] Including      : C:\Projects\Storybook_Tutorials\taskbox\.angular\cache\13.3.7\babel-webpack\3b33aba061ba3671e641b352262b40a5.json
[15:57:44] Including      : C:\Projects\Storybook_Tutorials\taskbox\.angular\cache\13.3.7\babel-webpack\3bedb04ba39c78b383e6ff6ac82384b5.json
[15:57:44] Including      : C:\Projects\Storybook_Tutorials\taskbox\.angular\cache\13.3.7\babel-webpack\3d68d62215c015a9916218dc36a4c328.json
[15:57:44] Including      : C:\Projects\Storybook_Tutorials\taskbox\.angular\cache\13.3.7\babel-webpack\3e42e77aba0ceb30925c6ef21892e8e2.json
[15:57:44] Including      : C:\Projects\Storybook_Tutorials\taskbox\.angular\cache\13.3.7\babel-webpack\44cf8d0f7a3b0ece06cc50b122e6c680.json
[15:57:44] Including      : C:\Projects\Storybook_Tutorials\taskbox\.angular\cache\13.3.7\babel-webpack\48368fa0ced0cfd561a181d7b5fefc92.json
[15:57:44] Including      : C:\Projects\Storybook_Tutorials\taskbox\.angular\cache\13.3.7\babel-webpack\493cb3958aaddce55f27f8cfdc5ee32f.json
[15:57:44] Including      : C:\Projects\Storybook_Tutorials\taskbox\.angular\cache\13.3.7\babel-webpack\4aecf973d85abd33f21566e783ab650a.json
[15:57:44] Including      : C:\Projects\Storybook_Tutorials\taskbox\.angular\cache\13.3.7\babel-webpack\43587585f8990a033899f035eed3f408.json
[15:57:44] Including      : C:\Projects\Storybook_Tutorials\taskbox\.angular\cache\13.3.7\babel-webpack\4e4fce258b2c82919969bd075d2d11fa.json
[15:57:44] Including      : C:\Projects\Storybook_Tutorials\taskbox\.angular\cache\13.3.7\babel-webpack\4dc7a4509650e5f8bd4ed0800fd3963d.json
[15:57:44] Including      : C:\Projects\Storybook_Tutorials\taskbox\.angular\cache\13.3.7\babel-webpack\4f7ab25772e1500f6c8db733d8342dfa.json
[15:57:44] Including      : C:\Projects\Storybook_Tutorials\taskbox\.angular\cache\13.3.7\babel-webpack\4fe2c08660ae29160aab614703b8398c.json
[15:57:44] Including      : C:\Projects\Storybook_Tutorials\taskbox\.angular\cache\13.3.7\babel-webpack\5b776528ff91db32d7530cd231c7d7a2.json
[15:57:44] Including      : C:\Projects\Storybook_Tutorials\taskbox\.angular\cache\13.3.7\babel-webpack\63ad921e9fe76a452eac629f54e11c33.json
[15:57:44] Including      : C:\Projects\Storybook_Tutorials\taskbox\.angular\cache\13.3.7\babel-webpack\63c8dc77318fb9194f336dab123aa238.json
[15:57:44] Including      : C:\Projects\Storybook_Tutorials\taskbox\.angular\cache\13.3.7\babel-webpack\6e425b8f7d1c804a63a86b2971ab42d8.json
[15:57:44] Including      : C:\Projects\Storybook_Tutorials\taskbox\.angular\cache\13.3.7\babel-webpack\71cbe9927204c70e35492ed956648005.json
[15:57:44] Including      : C:\Projects\Storybook_Tutorials\taskbox\.angular\cache\13.3.7\babel-webpack\56cde02e4d4785a176f76001aeca468c.json
[15:57:44] Including      : C:\Projects\Storybook_Tutorials\taskbox\.angular\cache\13.3.7\babel-webpack\72ffe0a0f6aadfd10fde0ea248d645b7.json
[15:57:44] Including      : C:\Projects\Storybook_Tutorials\taskbox\.angular\cache\13.3.7\babel-webpack\852c4fc7241eed1afd18f536e3661534.json
[15:57:44] Including      : C:\Projects\Storybook_Tutorials\taskbox\.angular\cache\13.3.7\babel-webpack\764b422b32c694922e141a958dff92b0.json
[15:57:44] Including      : C:\Projects\Storybook_Tutorials\taskbox\.angular\cache\13.3.7\babel-webpack\86cf82c60bb6e71281f92ccbcafffa17.json
[15:57:44] Including      : C:\Projects\Storybook_Tutorials\taskbox\.angular\cache\13.3.7\babel-webpack\85c52b8f93b0072ac87002e39c4dcfcd.json
[15:57:44] Including      : C:\Projects\Storybook_Tutorials\taskbox\.angular\cache\13.3.7\babel-webpack\8abdbc6aeb5f9faeba3e3bc07a866fde.json
[15:57:44] Including      : C:\Projects\Storybook_Tutorials\taskbox\.angular\cache\13.3.7\babel-webpack\8f16734b71d1af00f8db82e53e74003b.json
[15:57:44] Including      : C:\Projects\Storybook_Tutorials\taskbox\.angular\cache\13.3.7\babel-webpack\924620c163c97af51ce13358b1357e02.json
[15:57:44] Including      : C:\Projects\Storybook_Tutorials\taskbox\.angular\cache\13.3.7\babel-webpack\969b727b6d0f5ad689b6728d1dfd474c.json
[15:57:44] Including      : C:\Projects\Storybook_Tutorials\taskbox\.angular\cache\13.3.7\babel-webpack\932d2ddef5078c3dcdd17be8cf953312.json
[15:57:44] Including      : C:\Projects\Storybook_Tutorials\taskbox\.angular\cache\13.3.7\babel-webpack\94fc5213b517f672410e82f9f0703186.json
[15:57:44] Including      : C:\Projects\Storybook_Tutorials\taskbox\.angular\cache\13.3.7\babel-webpack\97426dbcf714aae6a00e30504828ce86.json
[15:57:44] Including      : C:\Projects\Storybook_Tutorials\taskbox\.angular\cache\13.3.7\babel-webpack\9a53228ec3f3c7b49bd9b6c3df20047a.json
[15:57:44] Including      : C:\Projects\Storybook_Tutorials\taskbox\.angular\cache\13.3.7\babel-webpack\9cd69d28f9a05e8323a621da9ec5e033.json
[15:57:44] Including      : C:\Projects\Storybook_Tutorials\taskbox\.angular\cache\13.3.7\babel-webpack\9f86ebd240cd08bd0946a7ad8e333e80.json
[15:57:44] Including      : C:\Projects\Storybook_Tutorials\taskbox\.angular\cache\13.3.7\babel-webpack\a59913dd9ab122b9cf1ea682e9bb02ed.json
[15:57:44] Including      : C:\Projects\Storybook_Tutorials\taskbox\.angular\cache\13.3.7\babel-webpack\a30e71a7bd9c21a407712112b073815f.json
[15:57:44] Including      : C:\Projects\Storybook_Tutorials\taskbox\.angular\cache\13.3.7\babel-webpack\a644f7c8544d34ae813fbe529e3fdbc2.json
[15:57:44] Including      : C:\Projects\Storybook_Tutorials\taskbox\.angular\cache\13.3.7\babel-webpack\ad5f1f34d67748b020269e18a51f3ad6.json
[15:57:44] Including      : C:\Projects\Storybook_Tutorials\taskbox\.angular\cache\13.3.7\babel-webpack\ae7f9c546063d4dc90ed543c8f28845f.json
[15:57:44] Including      : C:\Projects\Storybook_Tutorials\taskbox\.angular\cache\13.3.7\babel-webpack\b140639dbed613d413f77546fb8c47b2.json
[15:57:44] Including      : C:\Projects\Storybook_Tutorials\taskbox\.angular\cache\13.3.7\babel-webpack\b73be0eb14ef72cc828ccf52d189bb03.json
[15:57:44] Including      : C:\Projects\Storybook_Tutorials\taskbox\.angular\cache\13.3.7\babel-webpack\acaae7735ec4884481c198ba398bed48.json
[15:57:44] Including      : C:\Projects\Storybook_Tutorials\taskbox\.angular\cache\13.3.7\babel-webpack\b9ce2a03c18c25934425798e6698c12a.json
[15:57:44] Including      : C:\Projects\Storybook_Tutorials\taskbox\.angular\cache\13.3.7\babel-webpack\c0032a8afc2a996b93d46f3f3bfdf37b.json
[15:57:44] Including      : C:\Projects\Storybook_Tutorials\taskbox\.angular\cache\13.3.7\babel-webpack\be510abd2bb081e01c61381e6137bcfe.json
[15:57:44] Including      : C:\Projects\Storybook_Tutorials\taskbox\.angular\cache\13.3.7\babel-webpack\c495f6606f92fde686a75c654b1d688e.json
[15:57:44] Including      : C:\Projects\Storybook_Tutorials\taskbox\.angular\cache\13.3.7\babel-webpack\ced3595e52ecfc28bb9dfaf197c3923b.json
[15:57:44] Including      : C:\Projects\Storybook_Tutorials\taskbox\.angular\cache\13.3.7\babel-webpack\cad0ce8fd8c048db061f59ca3a230716.json
[15:57:44] Including      : C:\Projects\Storybook_Tutorials\taskbox\.angular\cache\13.3.7\babel-webpack\cf02a1e2cc2c0e218afc1620b190934f.json
[15:57:44] Including      : C:\Projects\Storybook_Tutorials\taskbox\.angular\cache\13.3.7\babel-webpack\cff8db7e7c220a16938e3cee01d63215.json
[15:57:44] Including      : C:\Projects\Storybook_Tutorials\taskbox\.angular\cache\13.3.7\babel-webpack\d57c675d525e392b98d174d661bfa2c7.json
[15:57:44] Including      : C:\Projects\Storybook_Tutorials\taskbox\.angular\cache\13.3.7\babel-webpack\d3c40cd3aa7b82790dc3dbcb7b845549.json
[15:57:44] Including      : C:\Projects\Storybook_Tutorials\taskbox\.angular\cache\13.3.7\babel-webpack\d5bc9ea0b65016bb0fea4876f4d27b0c.json
[15:57:44] Including      : C:\Projects\Storybook_Tutorials\taskbox\.angular\cache\13.3.7\babel-webpack\db9e072df7fbbb2ae9188723fabdf482.json
[15:57:44] Including      : C:\Projects\Storybook_Tutorials\taskbox\.angular\cache\13.3.7\babel-webpack\df6f2cdca4d4706c9b00bee8fde7f6cd.json
[15:57:44] Including      : C:\Projects\Storybook_Tutorials\taskbox\.angular\cache\13.3.7\babel-webpack\e30744894a0dc1e8a0b2a3708f1bf4d3.json
[15:57:44] Including      : C:\Projects\Storybook_Tutorials\taskbox\.angular\cache\13.3.7\babel-webpack\e585c678890d07f36e093268cf61eec0.json
[15:57:44] Including      : C:\Projects\Storybook_Tutorials\taskbox\.angular\cache\13.3.7\babel-webpack\e63e2c63a96b9770e5b84035fdeeed5f.json
[15:57:44] Including      : C:\Projects\Storybook_Tutorials\taskbox\.angular\cache\13.3.7\babel-webpack\e6c4da84fb5a3158acff36c75870728b.json
[15:57:44] Including      : C:\Projects\Storybook_Tutorials\taskbox\.angular\cache\13.3.7\babel-webpack\e8b3976ec4eb95d06e37f66d5b621601.json
[15:57:44] Including      : C:\Projects\Storybook_Tutorials\taskbox\.angular\cache\13.3.7\babel-webpack\e9cb689ebb37a258e0d05db7c64cf703.json
[15:57:44] Including      : C:\Projects\Storybook_Tutorials\taskbox\.angular\cache\13.3.7\babel-webpack\edea898eec474adf82868eb08033b084.json
[15:57:44] Including      : C:\Projects\Storybook_Tutorials\taskbox\.angular\cache\13.3.7\babel-webpack\ed04a374591ec0695166b5dca36be1ea.json
[15:57:44] Including      : C:\Projects\Storybook_Tutorials\taskbox\.angular\cache\13.3.7\babel-webpack\ee7eb68a99aa9cb9c3dd918367307399.json
[15:57:44] Including      : C:\Projects\Storybook_Tutorials\taskbox\.angular\cache\13.3.7\babel-webpack\f22df43b204eada9ffef2eccceaeaebe.json
[15:57:44] Including      : C:\Projects\Storybook_Tutorials\taskbox\.angular\cache\13.3.7\babel-webpack\f6549ffa602ddd9d9f27784e6baa4cd7.json
[15:57:44] Including      : C:\Projects\Storybook_Tutorials\taskbox\.angular\cache\13.3.7\babel-webpack\fb8006a4337eb2ab9622f81f3f71a3b9.json
[15:57:44] Including      : C:\Projects\Storybook_Tutorials\taskbox\.angular\cache\13.3.7\babel-webpack\fd507285c77e8e6e6cc0d2a65e856a12.json
[15:57:44] Including      : C:\Projects\Storybook_Tutorials\taskbox\.angular\cache\13.3.7\babel-webpack\f6e2a79d0d18ee87c04cec73d8b80374.json
[15:57:44] Including      : C:\Projects\Storybook_Tutorials\taskbox\.angular\cache\13.3.7\angular-webpack\3adf84c428dd11ba9fe5f33db4ef5862409b4ca7\0.pack
[15:57:44] Including      : C:\Projects\Storybook_Tutorials\taskbox\.angular\cache\13.3.7\angular-webpack\3adf84c428dd11ba9fe5f33db4ef5862409b4ca7\index.pack
[15:57:44] Searching package.json file
[15:57:44] package.json file found
[15:57:44] Processing package.json dependencies
[15:57:44] Searching README.md, CHANGELOG.md, CONTRIBUTING.md, LICENSE.md, TODO.md files
[15:57:44] README.md file found
[15:57:44] Error during C:\Projects\Storybook_Tutorials\taskbox\CHANGELOG read
[15:57:44] Continuing without CHANGELOG.md file
[15:57:44] Error during C:\Projects\Storybook_Tutorials\taskbox\CONTRIBUTING read
[15:57:44] Continuing without CONTRIBUTING.md file
[15:57:44] LICENSE.md file found
[15:57:44] Error during C:\Projects\Storybook_Tutorials\taskbox\TODO read
[15:57:44] Continuing without TODO.md file
[15:57:44] Get dependencies data
[15:57:44] parsing        : C:/Projects/Storybook_Tutorials/taskbox/jest-config/setup.ts
[15:57:44] parsing        : C:/Projects/Storybook_Tutorials/taskbox/src/main.ts
[15:57:44] parsing        : C:/Projects/Storybook_Tutorials/taskbox/src/polyfills.ts
[15:57:44] parsing        : C:/Projects/Storybook_Tutorials/taskbox/jest-config/__mocks__/globalMocks.ts
[15:57:44] parsing        : C:/Projects/Storybook_Tutorials/taskbox/src/app/app.component.ts
[15:57:44] found          : AppComponent
[15:57:44] parsing        : C:/Projects/Storybook_Tutorials/taskbox/src/app/app.module.ts
[15:57:44] found          : AppModule
[15:57:44]                : - imports:
[15:57:44]                : 	- BrowserModule
[15:57:44]                : 	- TaskModule
[15:57:44]                : 	- NgxsModule
[15:57:44]                : 	- NgxsReduxDevtoolsPluginModule
[15:57:44]                : 	- NgxsLoggerPluginModule
[15:57:44]                : - declarations:
[15:57:44]                : 	- AppComponent
[15:57:44]                : 	- InboxScreenComponent
[15:57:44]                : 	- PureInboxScreenComponent
[15:57:44]                : - bootstrap:
[15:57:44]                : 	- AppComponent
[15:57:44] parsing        : C:/Projects/Storybook_Tutorials/taskbox/src/environments/environment.ts
[15:57:44] found          : environment
[15:57:44] parsing        : C:/Projects/Storybook_Tutorials/taskbox/src/environments/environment.prod.ts
[15:57:44] found          : environment
[15:57:44] parsing        : C:/Projects/Storybook_Tutorials/taskbox/src/stories/button.component.ts
[15:57:44] found          : ButtonComponent
[15:57:44] parsing        : C:/Projects/Storybook_Tutorials/taskbox/src/stories/Button.stories.ts
[15:57:44] found          : Template
[15:57:44] found          : Primary
[15:57:44] found          : Secondary
[15:57:44] found          : Large
[15:57:44] found          : Small
[15:57:44] parsing        : C:/Projects/Storybook_Tutorials/taskbox/src/stories/header.component.ts
[15:57:44] found          : HeaderComponent
[15:57:44] parsing        : C:/Projects/Storybook_Tutorials/taskbox/src/stories/Header.stories.ts
[15:57:44] found          : Template
[15:57:44] found          : LoggedIn
[15:57:44] found          : LoggedOut
[15:57:44] parsing        : C:/Projects/Storybook_Tutorials/taskbox/src/stories/page.component.ts
[15:57:44] found          : PageComponent
[15:57:44] parsing        : C:/Projects/Storybook_Tutorials/taskbox/src/stories/Page.stories.ts
[15:57:44] found          : Template
[15:57:44] found          : LoggedOut
[15:57:44] found          : LoggedIn
[15:57:44] parsing        : C:/Projects/Storybook_Tutorials/taskbox/src/stories/User.ts
[15:57:44] found          : User
[15:57:44] parsing        : C:/Projects/Storybook_Tutorials/taskbox/src/app/components/task.module.ts
[15:57:44] found          : TaskModule
[15:57:44]                : - imports:
[15:57:44]                : 	- CommonModule
[15:57:44]                : 	- NgxsModule
[15:57:44]                : - exports:
[15:57:44]                : 	- TaskComponent
[15:57:44]                : 	- TaskListComponent
[15:57:44]                : - declarations:
[15:57:44]                : 	- TaskComponent
[15:57:44]                : 	- TaskListComponent
[15:57:44]                : 	- PureTaskListComponent
[15:57:44] parsing        : C:/Projects/Storybook_Tutorials/taskbox/src/app/models/task.model.ts
[15:57:44] found          : Task
[15:57:44] parsing        : C:/Projects/Storybook_Tutorials/taskbox/src/app/state/task.state.ts
[15:57:44] found          : actions
[15:57:44] found          : ArchiveTask
[15:57:44] found          : PinTask
[15:57:44] found          : AppError
[15:57:44] found          : defaultTasks
[15:57:44] found          : TaskStateModel
[15:57:44] found          : TasksState
[15:57:44] parsing        : C:/Projects/Storybook_Tutorials/taskbox/src/app/components/task/task.stories.ts
[15:57:44] found          : actionsData
[15:57:44] found          : Template
[15:57:44] found          : Default
[15:57:44] found          : Pinned
[15:57:44] found          : Archived
[15:57:44] parsing        : C:/Projects/Storybook_Tutorials/taskbox/src/app/components/task/task.component.ts
[15:57:44] found          : TaskComponent
[15:57:44] parsing        : C:/Projects/Storybook_Tutorials/taskbox/src/app/components/inbox-screen/inbox-screen.component.ts
[15:57:44] found          : InboxScreenComponent
[15:57:44] parsing        : C:/Projects/Storybook_Tutorials/taskbox/src/app/components/inbox-screen/pure-inbox-screen.component.ts
[15:57:44] found          : PureInboxScreenComponent
[15:57:44] parsing        : C:/Projects/Storybook_Tutorials/taskbox/src/app/components/inbox-screen/pure-inbox-screen.stories.ts
[15:57:44] found          : Template
[15:57:44] found          : Default
[15:57:44] found          : Error
[15:57:44] found          : WithInteractions
[15:57:44] parsing        : C:/Projects/Storybook_Tutorials/taskbox/src/app/components/task-list/pure-task-list.component.ts
[15:57:44] found          : PureTaskListComponent
[15:57:44] parsing        : C:/Projects/Storybook_Tutorials/taskbox/src/app/components/task-list/pure-task-list.stories.ts
[15:57:44] found          : Template
[15:57:44] found          : Default
[15:57:44] found          : WithPinnedTasks
[15:57:44] found          : Loading
[15:57:44] found          : Empty
[15:57:44] parsing        : C:/Projects/Storybook_Tutorials/taskbox/src/app/components/task-list/task-list.component.ts
[15:57:44] found          : TaskListComponent
[15:57:44] -------------------
[15:57:44] Project statistics 
[15:57:44] - files      : 180
[15:57:44] - module     : 2
[15:57:44] - component  : 9
[15:57:44] - injectable : 1
[15:57:44] - class      : 3
[15:57:44] - interface  : 3
[15:57:44] -------------------
[15:57:44] Prepare components
[15:57:44]  ButtonComponent has styleUrls, include them
[15:57:44]  HeaderComponent has styleUrls, include them
[15:57:44]  InboxScreenComponent has a templateUrl, include it
[15:57:44]  PageComponent has styleUrls, include them
[15:57:44]  PureInboxScreenComponent has a templateUrl, include it
[15:57:44]  PureTaskListComponent has a templateUrl, include it
[15:57:44]  TaskComponent has a templateUrl, include it
[15:57:44]  TaskListComponent has a templateUrl, include it
[15:57:44] Prepare modules
[15:57:44] Prepare injectables
[15:57:44] Prepare classes
[15:57:44] Prepare interfaces
[15:57:44] Prepare miscellaneous
[15:57:44] Process documentation coverage report
[15:57:44] Generating documentation in export format json
[15:57:44] Documentation generated in ./ in 0.504 seconds
info @storybook/angular v6.5.7
info 
info => Cleaning outputDir: C:\\Users\\048743SM\\AppData\\Local\\Temp\\chromatic--972-aub5obAC41EX
info => Loading presets
info => Compiling manager..
info => Compiling preview..
info Addon-docs: using MDX1
info => Using implicit CSS loaders
info => Loading angular-cli config for angular >= 13.0.0
info => Using angular project with "tsConfig:C:\Projects\Storybook_Tutorials\taskbox\.storybook\tsconfig.json"
WARN Your Storybook startup uses a solution that will not be supported in version 7.0. 
WARN You must use angular builder to have an explicit configuration on the project used in angular.json
WARN Read more at:
WARN - https://github.com/storybookjs/storybook/blob/next/MIGRATION.md#sb-angular-builder)
WARN - https://github.com/storybookjs/storybook/blob/next/MIGRATION.md#angular13)
info => Using angular project "taskbox:build" for configuring Storybook
info => Using default Webpack5 setup
<s> [webpack.Progress] 0% 

<s> [webpack.Progress] 1% setup before run
<s> [webpack.Progress] 1% setup before run NodeEnvironmentPlugin
<s> [webpack.Progress] 1% setup before run
<s> [webpack.Progress] 2% setup run
<s> [webpack.Progress] 2% setup run
<s> [webpack.Progress] 4% setup normal module factory
<s> [webpack.Progress] 4% setup normal module factory CaseSensitivePathsPlugin
<s> [webpack.Progress] 4% setup normal module factory
<s> [webpack.Progress] 5% setup context module factory
<s> [webpack.Progress] 5% setup context module factory
<s> [webpack.Progress] 6% setup before compile
<s> [webpack.Progress] 6% setup before compile angular-compiler
<s> [webpack.Progress] 6% setup before compile ProgressPlugin
<s> [webpack.Progress] 6% setup before compile
<s> [webpack.Progress] 7% setup compile
<s> [webpack.Progress] 7% setup compile ExternalsPlugin
<s> [webpack.Progress] 7% setup compile
<s> [webpack.Progress] 8% setup compilation
<s> [webpack.Progress] 8% setup compilation CopyPlugin
<s> [webpack.Progress] 8% setup compilation angular-compiler
<s> [webpack.Progress] 8% setup compilation mini-css-extract-plugin
<s> [webpack.Progress] 8% setup compilation ArrayPushCallbackChunkFormatPlugin
<s> [webpack.Progress] 8% setup compilation JsonpChunkLoadingPlugin
<s> [webpack.Progress] 8% setup compilation StartupChunkDependenciesPlugin
<s> [webpack.Progress] 8% setup compilation ImportScriptsChunkLoadingPlugin
<s> [webpack.Progress] 8% setup compilation FetchCompileWasmPlugin
<s> [webpack.Progress] 8% setup compilation FetchCompileAsyncWasmPlugin
<s> [webpack.Progress] 8% setup compilation WorkerPlugin
<s> [webpack.Progress] 8% setup compilation SplitChunksPlugin
<s> [webpack.Progress] 8% setup compilation RuntimeChunkPlugin
<s> [webpack.Progress] 8% setup compilation ResolverCachePlugin
<s> [webpack.Progress] 8% setup compilation HtmlWebpackPlugin
<s> [webpack.Progress] 8% setup compilation
<s> [webpack.Progress] 9% setup compilation
<s> [webpack.Progress] 9% setup compilation named-chunks-plugin
<s> [webpack.Progress] 9% setup compilation DedupeModuleResolvePlugin
<s> [webpack.Progress] 9% setup compilation AnyComponentStyleBudgetChecker
<s> [webpack.Progress] 9% setup compilation mini-css-extract-plugin
<s> [webpack.Progress] 9% setup compilation SuppressExtractedTextChunks
<s> [webpack.Progress] 9% setup compilation DefinePlugin
<s> [webpack.Progress] 9% setup compilation ProvidePlugin
<s> [webpack.Progress] 9% setup compilation ProgressPlugin
<s> [webpack.Progress] 9% setup compilation ChunkPrefetchPreloadPlugin
<s> [webpack.Progress] 9% setup compilation SourceMapDevToolPlugin
<s> [webpack.Progress] 9% setup compilation JavascriptModulesPlugin
<s> [webpack.Progress] 9% setup compilation JsonModulesPlugin
<s> [webpack.Progress] 9% setup compilation AssetModulesPlugin
<s> [webpack.Progress] 9% setup compilation EntryPlugin
<s> [webpack.Progress] 9% setup compilation EntryPlugin
<s> [webpack.Progress] 9% setup compilation EntryPlugin
<s> [webpack.Progress] 9% setup compilation EntryPlugin
<s> [webpack.Progress] 9% setup compilation EntryPlugin
<s> [webpack.Progress] 9% setup compilation EntryPlugin
<s> [webpack.Progress] 9% setup compilation EntryPlugin
<s> [webpack.Progress] 9% setup compilation EntryPlugin
<s> [webpack.Progress] 9% setup compilation EntryPlugin
<s> [webpack.Progress] 9% setup compilation EntryPlugin
<s> [webpack.Progress] 9% setup compilation EntryPlugin
<s> [webpack.Progress] 9% setup compilation EntryPlugin
<s> [webpack.Progress] 9% setup compilation EntryPlugin
<s> [webpack.Progress] 9% setup compilation EntryPlugin
<s> [webpack.Progress] 9% setup compilation EntryPlugin
<s> [webpack.Progress] 9% setup compilation EntryPlugin
<s> [webpack.Progress] 9% setup compilation EntryPlugin
<s> [webpack.Progress] 9% setup compilation EntryPlugin
<s> [webpack.Progress] 9% setup compilation RuntimePlugin
<s> [webpack.Progress] 9% setup compilation InferAsyncModulesPlugin
<s> [webpack.Progress] 9% setup compilation DataUriPlugin
<s> [webpack.Progress] 9% setup compilation FileUriPlugin
<s> [webpack.Progress] 9% setup compilation CompatibilityPlugin
<s> [webpack.Progress] 9% setup compilation HarmonyModulesPlugin
<s> [webpack.Progress] 9% setup compilation AMDPlugin
<s> [webpack.Progress] 9% setup compilation RequireJsStuffPlugin
<s> [webpack.Progress] 9% setup compilation CommonJsPlugin
<s> [webpack.Progress] 9% setup compilation LoaderPlugin
<s> [webpack.Progress] 9% setup compilation LoaderPlugin
<s> [webpack.Progress] 9% setup compilation NodeStuffPlugin
<s> [webpack.Progress] 9% setup compilation APIPlugin
<s> [webpack.Progress] 9% setup compilation ExportsInfoApiPlugin
<s> [webpack.Progress] 9% setup compilation WebpackIsIncludedPlugin
<s> [webpack.Progress] 9% setup compilation ConstPlugin
<s> [webpack.Progress] 9% setup compilation UseStrictPlugin
<s> [webpack.Progress] 9% setup compilation RequireIncludePlugin
<s> [webpack.Progress] 9% setup compilation RequireEnsurePlugin
<s> [webpack.Progress] 9% setup compilation RequireContextPlugin
<s> [webpack.Progress] 9% setup compilation ImportPlugin
<s> [webpack.Progress] 9% setup compilation RequireContextPlugin
<s> [webpack.Progress] 9% setup compilation SystemPlugin
<s> [webpack.Progress] 9% setup compilation ImportMetaPlugin
<s> [webpack.Progress] 9% setup compilation URLPlugin
<s> [webpack.Progress] 9% setup compilation DefaultStatsFactoryPlugin
<s> [webpack.Progress] 9% setup compilation DefaultStatsPresetPlugin
<s> [webpack.Progress] 9% setup compilation DefaultStatsPrinterPlugin
<s> [webpack.Progress] 9% setup compilation JavascriptMetaInfoPlugin
<s> [webpack.Progress] 9% setup compilation EnsureChunkConditionsPlugin
<s> [webpack.Progress] 9% setup compilation RemoveEmptyChunksPlugin
<s> [webpack.Progress] 9% setup compilation MergeDuplicateChunksPlugin
<s> [webpack.Progress] 9% setup compilation FlagIncludedChunksPlugin
<s> [webpack.Progress] 9% setup compilation SideEffectsFlagPlugin
<s> [webpack.Progress] 9% setup compilation FlagDependencyExportsPlugin
<s> [webpack.Progress] 9% setup compilation FlagDependencyUsagePlugin
<s> [webpack.Progress] 9% setup compilation InnerGraphPlugin
<s> [webpack.Progress] 9% setup compilation MangleExportsPlugin
<s> [webpack.Progress] 9% setup compilation ModuleConcatenationPlugin
<s> [webpack.Progress] 9% setup compilation NoEmitOnErrorsPlugin
<s> [webpack.Progress] 9% setup compilation RealContentHashPlugin
<s> [webpack.Progress] 9% setup compilation WasmFinalizeExportsPlugin
<s> [webpack.Progress] 9% setup compilation NamedModuleIdsPlugin
<s> [webpack.Progress] 9% setup compilation DeterministicChunkIdsPlugin
<s> [webpack.Progress] 9% setup compilation DefinePlugin
<s> [webpack.Progress] 9% setup compilation TerserPlugin
<s> [webpack.Progress] 9% setup compilation TemplatedPathPlugin
<s> [webpack.Progress] 9% setup compilation RecordIdsPlugin
<s> [webpack.Progress] 9% setup compilation WarnCaseSensitiveModulesPlugin
<s> [webpack.Progress] 9% setup compilation IgnoreWarningsPlugin
<s> [webpack.Progress] 9% setup compilation
<s> [webpack.Progress] 10% building
<s> [webpack.Progress] 10% building 0/1 entries 0/0 dependencies 0/0 modules
<s> [webpack.Progress] 10% building import loader ./node_modules/mini-css-extract-plugin/dist/loader.js
<s> [webpack.Progress] 10% building import loader ./node_modules/css-loader/dist/cjs.js
<s> [webpack.Progress] 10% building import loader ./node_modules/postcss-loader/dist/cjs.js
<s> [webpack.Progress] 10% building 0/18 entries 2/18 dependencies 0/2 modules
<s> [webpack.Progress] 10% building import loader ./node_modules/@angular-devkit/build-angular/src/babel/webpack-loader.js
<s> [webpack.Progress] 10% building import loader ./node_modules/babel-loader/lib/index.js
<s> [webpack.Progress] 10% building 0/18 entries 15/19 dependencies 0/15 modules
<s> [webpack.Progress] 10% building import loader ./node_modules/@ngtools/webpack/src/ivy/index.js
<s> [webpack.Progress] 10% building 0/18 entries 15/19 dependencies 0/15 modules
<s> [webpack.Progress] 10% building 0/18 entries 18/28 dependencies 0/17 modules
<s> [webpack.Progress] 10% building 0/18 entries 118/155 dependencies 1/75 modules
<s> [webpack.Progress] 13% building 1/18 entries 119/155 dependencies 2/75 modules
<s> [webpack.Progress] 13% building import loader ./node_modules/@storybook/source-loader/dist/cjs/index.js
<s> [webpack.Progress] 13% building 1/18 entries 218/249 dependencies 9/123 modules
<s> [webpack.Progress] 13% building 1/18 entries 343/426 dependencies 34/138 modules
<s> [webpack.Progress] 16% building 2/18 entries 346/458 dependencies 37/138 modules
<s> [webpack.Progress] 19% building 3/18 entries 820/887 dependencies 75/280 modules
<s> [webpack.Progress] 19% building 3/18 entries 1096/1200 dependencies 104/365 modules
<s> [webpack.Progress] 19% building 3/18 entries 1187/1400 dependencies 132/368 modules
<s> [webpack.Progress] 19% building 3/18 entries 1376/1509 dependencies 166/400 modules
<s> [webpack.Progress] 19% building 3/18 entries 1489/1600 dependencies 169/425 modules
<s> [webpack.Progress] 19% building 3/18 entries 1577/2100 dependencies 190/437 modules
<s> [webpack.Progress] 19% building 3/18 entries 1600/2237 dependencies 190/459 modules
<s> [webpack.Progress] 22% building 4/18 entries 2246/2277 dependencies 260/649 modules
<s> [webpack.Progress] 22% building 4/18 entries 2800/2892 dependencies 291/826 modules
<s> [webpack.Progress] 22% building 4/18 entries 3400/3471 dependencies 344/895 modules
<s> [webpack.Progress] 22% building 4/18 entries 3600/3781 dependencies 426/943 modules
<s> [webpack.Progress] 22% building 4/18 entries 4274/4334 dependencies 496/1000 modules
<s> [webpack.Progress] 22% building 4/18 entries 4600/4682 dependencies 684/1083 modules
<s> [webpack.Progress] 22% building 4/18 entries 4808/5000 dependencies 799/1117 modules
<s> [webpack.Progress] 22% building 4/18 entries 4900/5036 dependencies 829/1133 modules
<s> [webpack.Progress] 22% building 4/18 entries 5154/5269 dependencies 900/1197 modules
<s> [webpack.Progress] 22% building 4/18 entries 5600/5628 dependencies 1012/1355 modules
<s> [webpack.Progress] 22% building 4/18 entries 5666/5700 dependencies 1081/1368 modules
<s> [webpack.Progress] 22% building 4/18 entries 6000/6100 dependencies 1156/1515 modules
<s> [webpack.Progress] 25% building 4/18 entries 6266/6300 dependencies 1381/1610 modules
<s> [webpack.Progress] 26% building 5/18 entries 6640/6659 dependencies 1545/1682 modules
<s> [webpack.Progress] 28% building 6/18 entries 6640/6659 dependencies 1546/1682 modules
<s> [webpack.Progress] 31% building 7/18 entries 6640/6659 dependencies 1547/1682 modules
<s> [webpack.Progress] 34% building 8/18 entries 6640/6659 dependencies 1548/1682 modules
<s> [webpack.Progress] 37% building 9/18 entries 6640/6659 dependencies 1549/1682 modules
<s> [webpack.Progress] 40% building 10/18 entries 6640/6659 dependencies 1550/1682 modules
<s> [webpack.Progress] 43% building 11/18 entries 6640/6659 dependencies 1551/1682 modules
<s> [webpack.Progress] 46% building 12/18 entries 6640/6659 dependencies 1552/1682 modules
<s> [webpack.Progress] 49% building 13/18 entries 6640/6659 dependencies 1553/1682 modules
<s> [webpack.Progress] 52% building 14/18 entries 6803/6810 dependencies 1639/1711 modules
<s> [webpack.Progress] 55% building 15/18 entries 6951/6957 dependencies 1710/1757 modules
<s> [webpack.Progress] 58% building 16/18 entries 6951/6957 dependencies 1710/1757 modules
<s> [webpack.Progress] 61% building 17/18 entries 6964/6965 dependencies 1736/1762 modules
<s> [webpack.Progress] 64% building 18/18 entries 6966/6966 dependencies 1763/1763 modules
<s> [webpack.Progress] 65% building
<s> [webpack.Progress] 69% building finish
<s> [webpack.Progress] 69% building finish
<s> [webpack.Progress] 70% sealing finish module graph
<s> [webpack.Progress] 70% sealing finish module graph angular-compiler
<s> [webpack.Progress] 70% sealing finish module graph ResolverCachePlugin
<s> [webpack.Progress] 70% sealing finish module graph InferAsyncModulesPlugin
<s> [webpack.Progress] 70% sealing finish module graph FlagDependencyExportsPlugin
<s> [webpack.Progress] 70% sealing finish module graph InnerGraphPlugin
<s> [webpack.Progress] 70% sealing finish module graph WasmFinalizeExportsPlugin
<s> [webpack.Progress] 70% sealing finish module graph
<s> [webpack.Progress] 70% sealing plugins
<s> [webpack.Progress] 70% sealing plugins WarnCaseSensitiveModulesPlugin
<s> [webpack.Progress] 70% sealing plugins
<s> [webpack.Progress] 71% sealing dependencies optimization
<s> [webpack.Progress] 71% sealing dependencies optimization SideEffectsFlagPlugin
<s> [webpack.Progress] 71% sealing dependencies optimization FlagDependencyUsagePlugin
<s> [webpack.Progress] 71% sealing dependencies optimization
<s> [webpack.Progress] 71% sealing after dependencies optimization
<s> [webpack.Progress] 71% sealing after dependencies optimization
<s> [webpack.Progress] 72% sealing chunk graph
<s> [webpack.Progress] 72% sealing chunk graph
<s> [webpack.Progress] 73% sealing after chunk graph
<s> [webpack.Progress] 73% sealing after chunk graph
<s> [webpack.Progress] 73% sealing optimizing
<s> [webpack.Progress] 73% sealing optimizing
<s> [webpack.Progress] 74% sealing module optimization
<s> [webpack.Progress] 74% sealing module optimization
<s> [webpack.Progress] 75% sealing after module optimization
<s> [webpack.Progress] 75% sealing after module optimization
<s> [webpack.Progress] 75% sealing chunk optimization
<s> [webpack.Progress] 75% sealing chunk optimization EnsureChunkConditionsPlugin
<s> [webpack.Progress] 75% sealing chunk optimization RemoveEmptyChunksPlugin
<s> [webpack.Progress] 75% sealing chunk optimization MergeDuplicateChunksPlugin
<s> [webpack.Progress] 75% sealing chunk optimization SplitChunksPlugin
<s> [webpack.Progress] 75% sealing chunk optimization RemoveEmptyChunksPlugin
<s> [webpack.Progress] 75% sealing chunk optimization
<s> [webpack.Progress] 76% sealing after chunk optimization
<s> [webpack.Progress] 76% sealing after chunk optimization
<s> [webpack.Progress] 77% sealing module and chunk tree optimization
<s> [webpack.Progress] 77% sealing module and chunk tree optimization PersistentChildCompilerSingletonPlugin
<s> [webpack.Progress] 77% sealing module and chunk tree optimization
<s> [webpack.Progress] 77% sealing after module and chunk tree optimization
<s> [webpack.Progress] 77% sealing after module and chunk tree optimization
<s> [webpack.Progress] 78% sealing chunk modules optimization
<s> [webpack.Progress] 78% sealing chunk modules optimization ModuleConcatenationPlugin
<s> [webpack.Progress] 78% sealing chunk modules optimization
<s> [webpack.Progress] 78% sealing after chunk modules optimization
<s> [webpack.Progress] 78% sealing after chunk modules optimization
<s> [webpack.Progress] 79% sealing module reviving
<s> [webpack.Progress] 79% sealing module reviving RecordIdsPlugin
<s> [webpack.Progress] 79% sealing module reviving
<s> [webpack.Progress] 80% sealing before module ids
<s> [webpack.Progress] 80% sealing before module ids
<s> [webpack.Progress] 80% sealing module ids
<s> [webpack.Progress] 80% sealing module ids NamedModuleIdsPlugin
<s> [webpack.Progress] 80% sealing module ids
<s> [webpack.Progress] 81% sealing module id optimization
<s> [webpack.Progress] 81% sealing module id optimization
<s> [webpack.Progress] 82% sealing module id optimization
<s> [webpack.Progress] 82% sealing module id optimization
<s> [webpack.Progress] 82% sealing chunk reviving
<s> [webpack.Progress] 82% sealing chunk reviving RecordIdsPlugin
<s> [webpack.Progress] 82% sealing chunk reviving
<s> [webpack.Progress] 83% sealing before chunk ids
<s> [webpack.Progress] 83% sealing before chunk ids
<s> [webpack.Progress] 84% sealing chunk ids
<s> [webpack.Progress] 84% sealing chunk ids DeterministicChunkIdsPlugin
<s> [webpack.Progress] 84% sealing chunk ids
<s> [webpack.Progress] 84% sealing chunk id optimization
<s> [webpack.Progress] 84% sealing chunk id optimization FlagIncludedChunksPlugin
<s> [webpack.Progress] 84% sealing chunk id optimization
<s> [webpack.Progress] 85% sealing after chunk id optimization
<s> [webpack.Progress] 85% sealing after chunk id optimization
<s> [webpack.Progress] 86% sealing record modules
<s> [webpack.Progress] 86% sealing record modules RecordIdsPlugin
<s> [webpack.Progress] 86% sealing record modules
<s> [webpack.Progress] 86% sealing record chunks
<s> [webpack.Progress] 86% sealing record chunks RecordIdsPlugin
<s> [webpack.Progress] 86% sealing record chunks
<s> [webpack.Progress] 87% sealing module hashing
<s> [webpack.Progress] 87% sealing module hashing
<s> [webpack.Progress] 87% sealing code generation
<s> [webpack.Progress] 87% sealing code generation
<s> [webpack.Progress] 88% sealing runtime requirements
<s> [webpack.Progress] 88% sealing runtime requirements
<s> [webpack.Progress] 89% sealing hashing
<s> [webpack.Progress] 89% sealing hashing
<s> [webpack.Progress] 89% sealing after hashing
<s> [webpack.Progress] 89% sealing after hashing
<s> [webpack.Progress] 90% sealing record hash
<s> [webpack.Progress] 90% sealing record hash
<s> [webpack.Progress] 91% sealing module assets processing
<s> [webpack.Progress] 91% sealing module assets processing
<s> [webpack.Progress] 91% sealing chunk assets processing
<s> [webpack.Progress] 91% sealing chunk assets processing
<s> [webpack.Progress] 92% sealing asset processing
<s> [webpack.Progress] 92% sealing asset processing copy-webpack-plugin
<s> [webpack.Progress] 92% sealing asset processing PersistentChildCompilerSingletonPlugin
<s> [webpack.Progress] 92% sealing asset processing TerserPlugin
info => Manager built (38 s)
<s> [webpack.Progress] 92% sealing asset processing SourceMapDevToolPlugin
<s> [webpack.Progress] 92% sealing asset processing SourceMapDevToolPlugin
<s> [webpack.Progress] 92% sealing asset processing SourceMapDevToolPlugin main.css generate SourceMap
<s> [webpack.Progress] 92% sealing asset processing SourceMapDevToolPlugin main.css generated SourceMap
<s> [webpack.Progress] 92% sealing asset processing SourceMapDevToolPlugin main.b7a4ff24.iframe.bundle.js generate SourceMap
<s> [webpack.Progress] 92% sealing asset processing SourceMapDevToolPlugin main.b7a4ff24.iframe.bundle.js generated SourceMap
<s> [webpack.Progress] 92% sealing asset processing SourceMapDevToolPlugin runtime~main.e12657c8.iframe.bundle.js generate SourceMap
<s> [webpack.Progress] 92% sealing asset processing SourceMapDevToolPlugin runtime~main.e12657c8.iframe.bundle.js generated SourceMap
<s> [webpack.Progress] 92% sealing asset processing SourceMapDevToolPlugin 747.5b594216.iframe.bundle.js generate SourceMap
<s> [webpack.Progress] 92% sealing asset processing SourceMapDevToolPlugin 747.5b594216.iframe.bundle.js generated SourceMap
<s> [webpack.Progress] 92% sealing asset processing SourceMapDevToolPlugin 366.edcd0432.iframe.bundle.js generate SourceMap
<s> [webpack.Progress] 92% sealing asset processing SourceMapDevToolPlugin 366.edcd0432.iframe.bundle.js generated SourceMap
<s> [webpack.Progress] 92% sealing asset processing SourceMapDevToolPlugin 565.97c23ebe.iframe.bundle.js generate SourceMap
<s> [webpack.Progress] 92% sealing asset processing SourceMapDevToolPlugin 565.97c23ebe.iframe.bundle.js generated SourceMap
<s> [webpack.Progress] 92% sealing asset processing SourceMapDevToolPlugin 239.358924bb.iframe.bundle.js generate SourceMap
<s> [webpack.Progress] 92% sealing asset processing SourceMapDevToolPlugin 239.358924bb.iframe.bundle.js generated SourceMap
<s> [webpack.Progress] 92% sealing asset processing SourceMapDevToolPlugin 471.6856ead0.iframe.bundle.js generate SourceMap
<s> [webpack.Progress] 92% sealing asset processing SourceMapDevToolPlugin 471.6856ead0.iframe.bundle.js generated SourceMap
<s> [webpack.Progress] 92% sealing asset processing SourceMapDevToolPlugin 345.793cee98.iframe.bundle.js generate SourceMap
<s> [webpack.Progress] 92% sealing asset processing SourceMapDevToolPlugin 345.793cee98.iframe.bundle.js generated SourceMap
<s> [webpack.Progress] 92% sealing asset processing SourceMapDevToolPlugin 39.920b7308.iframe.bundle.js generate SourceMap
<s> [webpack.Progress] 92% sealing asset processing SourceMapDevToolPlugin 39.920b7308.iframe.bundle.js generated SourceMap
<s> [webpack.Progress] 92% sealing asset processing SourceMapDevToolPlugin 996.b03aef82.iframe.bundle.js generate SourceMap
<s> [webpack.Progress] 92% sealing asset processing SourceMapDevToolPlugin 996.b03aef82.iframe.bundle.js generated SourceMap
<s> [webpack.Progress] 92% sealing asset processing SourceMapDevToolPlugin 225.ff116299.iframe.bundle.js generate SourceMap
<s> [webpack.Progress] 92% sealing asset processing SourceMapDevToolPlugin 225.ff116299.iframe.bundle.js generated SourceMap
<s> [webpack.Progress] 92% sealing asset processing SourceMapDevToolPlugin 291.03611412.iframe.bundle.js generate SourceMap
<s> [webpack.Progress] 92% sealing asset processing SourceMapDevToolPlugin 291.03611412.iframe.bundle.js generated SourceMap
<s> [webpack.Progress] 92% sealing asset processing SourceMapDevToolPlugin 877.b9869018.iframe.bundle.js generate SourceMap
<s> [webpack.Progress] 92% sealing asset processing SourceMapDevToolPlugin 877.b9869018.iframe.bundle.js generated SourceMap
<s> [webpack.Progress] 92% sealing asset processing SourceMapDevToolPlugin resolve sources
<s> [webpack.Progress] 92% sealing asset processing SourceMapDevToolPlugin 877.b9869018.iframe.bundle.js attach SourceMap
<s> [webpack.Progress] 92% sealing asset processing SourceMapDevToolPlugin 877.b9869018.iframe.bundle.js attached SourceMap
<s> [webpack.Progress] 92% sealing asset processing SourceMapDevToolPlugin
<s> [webpack.Progress] 92% sealing asset processing SourceMapDevToolPlugin
<s> [webpack.Progress] 92% sealing asset processing SourceMapDevToolPlugin resolve sources
<s> [webpack.Progress] 92% sealing asset processing SourceMapDevToolPlugin
<s> [webpack.Progress] 92% sealing asset processing HtmlWebpackPlugin
<s> [webpack.Progress] 92% sealing asset processing HtmlWebpackPlugin
<s> [webpack.Progress] 92% sealing asset processing HtmlWebpackPlugin resolve sources
<s> [webpack.Progress] 92% sealing asset processing HtmlWebpackPlugin
<s> [webpack.Progress] 92% sealing asset processing RealContentHashPlugin
<s> [webpack.Progress] 92% sealing asset processing RealContentHashPlugin
<s> [webpack.Progress] 92% sealing asset processing RealContentHashPlugin main.9f8bf817.iframe.bundle.js generate SourceMap
<s> [webpack.Progress] 92% sealing asset processing RealContentHashPlugin main.9f8bf817.iframe.bundle.js generated SourceMap
<s> [webpack.Progress] 92% sealing asset processing RealContentHashPlugin runtime~main.eedf03b7.iframe.bundle.js generate SourceMap
<s> [webpack.Progress] 92% sealing asset processing RealContentHashPlugin runtime~main.eedf03b7.iframe.bundle.js generated SourceMap
<s> [webpack.Progress] 92% sealing asset processing RealContentHashPlugin 747.2e592bfe.iframe.bundle.js generate SourceMap
<s> [webpack.Progress] 92% sealing asset processing RealContentHashPlugin 747.2e592bfe.iframe.bundle.js generated SourceMap
<s> [webpack.Progress] 92% sealing asset processing RealContentHashPlugin 345.b8f4061f.iframe.bundle.js generate SourceMap
<s> [webpack.Progress] 92% sealing asset processing RealContentHashPlugin 345.b8f4061f.iframe.bundle.js generated SourceMap
<s> [webpack.Progress] 92% sealing asset processing RealContentHashPlugin 996.66e30629.iframe.bundle.js generate SourceMap
<s> [webpack.Progress] 92% sealing asset processing RealContentHashPlugin 996.66e30629.iframe.bundle.js generated SourceMap
<s> [webpack.Progress] 92% sealing asset processing RealContentHashPlugin 225.adf1b44b.iframe.bundle.js generate SourceMap
<s> [webpack.Progress] 92% sealing asset processing RealContentHashPlugin 225.adf1b44b.iframe.bundle.js generated SourceMap
<s> [webpack.Progress] 92% sealing asset processing RealContentHashPlugin 366.2f255c0b.iframe.bundle.js generate SourceMap
<s> [webpack.Progress] 92% sealing asset processing RealContentHashPlugin 366.2f255c0b.iframe.bundle.js generated SourceMap
<s> [webpack.Progress] 92% sealing asset processing RealContentHashPlugin 565.de0d997c.iframe.bundle.js generate SourceMap
<s> [webpack.Progress] 92% sealing asset processing RealContentHashPlugin 565.de0d997c.iframe.bundle.js generated SourceMap
<s> [webpack.Progress] 92% sealing asset processing RealContentHashPlugin 239.43bc22d7.iframe.bundle.js generate SourceMap
<s> [webpack.Progress] 92% sealing asset processing RealContentHashPlugin 239.43bc22d7.iframe.bundle.js generated SourceMap
<s> [webpack.Progress] 92% sealing asset processing RealContentHashPlugin 471.1974ab39.iframe.bundle.js generate SourceMap
<s> [webpack.Progress] 92% sealing asset processing RealContentHashPlugin 471.1974ab39.iframe.bundle.js generated SourceMap
<s> [webpack.Progress] 92% sealing asset processing RealContentHashPlugin 39.2ed10874.iframe.bundle.js generate SourceMap
<s> [webpack.Progress] 92% sealing asset processing RealContentHashPlugin 39.2ed10874.iframe.bundle.js generated SourceMap
<s> [webpack.Progress] 92% sealing asset processing RealContentHashPlugin 291.4044512f.iframe.bundle.js generate SourceMap
<s> [webpack.Progress] 92% sealing asset processing RealContentHashPlugin 291.4044512f.iframe.bundle.js generated SourceMap
<s> [webpack.Progress] 92% sealing asset processing RealContentHashPlugin resolve sources
<s> [webpack.Progress] 92% sealing asset processing RealContentHashPlugin
<s> [webpack.Progress] 92% sealing asset processing AnyComponentStyleBudgetChecker
<s> [webpack.Progress] 92% sealing asset processing
<s> [webpack.Progress] 93% sealing after asset optimization
<s> [webpack.Progress] 93% sealing after asset optimization
<s> [webpack.Progress] 93% sealing recording
<s> [webpack.Progress] 93% sealing recording
<s> [webpack.Progress] 94% sealing after seal
<s> [webpack.Progress] 94% sealing after seal
<s> [webpack.Progress] 95% emitting emit
<s> [webpack.Progress] 95% emitting emit
<s> [webpack.Progress] 98% emitting after emit
<s> [webpack.Progress] 98% emitting after emit SizeLimitsPlugin
<s> [webpack.Progress] 98% emitting after emit
<s> [webpack.Progress] 99% done plugins
<s> [webpack.Progress] 99% done plugins CaseSensitivePathsPlugin
<s> [webpack.Progress] 99% done plugins
<s> [webpack.Progress] 99% 

<s> [webpack.Progress] 99% cache store build dependencies
<s> [webpack.Progress] 99% cache store build dependencies
<s> [webpack.Progress] 99% cache begin idle
<s> [webpack.Progress] 99% cache begin idle
<s> [webpack.Progress] 100% 

info => Preview built (45 s)
WARN C:/Projects/Storybook_Tutorials/taskbox/src/app/app.component.ts is part of the TypeScript compilation but it's unused.
WARN Add only entry points to the 'files' or 'include' properties in your tsconfig.
WARN C:/Projects/Storybook_Tutorials/taskbox/src/app/app.module.ts is part of the TypeScript compilation but it's unused.
WARN Add only entry points to the 'files' or 'include' properties in your tsconfig.
WARN C:/Projects/Storybook_Tutorials/taskbox/src/app/components/inbox-screen/inbox-screen.component.ts is part of the TypeScript compilation but it's unused.
WARN Add only entry points to the 'files' or 'include' properties in your tsconfig.
WARN C:/Projects/Storybook_Tutorials/taskbox/src/environments/environment.prod.ts is part of the TypeScript compilation but it's unused.
WARN Add only entry points to the 'files' or 'include' properties in your tsconfig.
WARN C:/Projects/Storybook_Tutorials/taskbox/src/environments/environment.ts is part of the TypeScript compilation but it's unused.
WARN Add only entry points to the 'files' or 'include' properties in your tsconfig.
WARN C:/Projects/Storybook_Tutorials/taskbox/src/main.ts is part of the TypeScript compilation but it's unused.
WARN Add only entry points to the 'files' or 'include' properties in your tsconfig.
WARN C:/Projects/Storybook_Tutorials/taskbox/src/stories/Button.stories.ts is part of the TypeScript compilation but it's unused.
WARN Add only entry points to the 'files' or 'include' properties in your tsconfig.
WARN C:/Projects/Storybook_Tutorials/taskbox/src/stories/Header.stories.ts is part of the TypeScript compilation but it's unused.
WARN Add only entry points to the 'files' or 'include' properties in your tsconfig.
WARN C:/Projects/Storybook_Tutorials/taskbox/src/stories/Page.stories.ts is part of the TypeScript compilation but it's unused.
WARN Add only entry points to the 'files' or 'include' properties in your tsconfig.
WARN C:/Projects/Storybook_Tutorials/taskbox/src/stories/User.ts is part of the TypeScript compilation but it's unused.
WARN Add only entry points to the 'files' or 'include' properties in your tsconfig.
WARN C:/Projects/Storybook_Tutorials/taskbox/src/stories/button.component.ts is part of the TypeScript compilation but it's unused.
WARN Add only entry points to the 'files' or 'include' properties in your tsconfig.
WARN C:/Projects/Storybook_Tutorials/taskbox/src/stories/header.component.ts is part of the TypeScript compilation but it's unused.
WARN Add only entry points to the 'files' or 'include' properties in your tsconfig.
WARN C:/Projects/Storybook_Tutorials/taskbox/src/stories/page.component.ts is part of the TypeScript compilation but it's unused.
WARN Add only entry points to the 'files' or 'include' properties in your tsconfig.
WARN asset size limit: The following asset(s) exceed the recommended size limit (244 KiB).
WARN This can impact web performance.
WARN Assets: 
WARN   366.2f255c0b.iframe.bundle.js (601 KiB)
WARN   565.de0d997c.iframe.bundle.js (603 KiB)
WARN   471.1974ab39.iframe.bundle.js (791 KiB)
WARN   877.42a5da4f.iframe.bundle.js (3.15 MiB)
WARN entrypoint size limit: The following entrypoint(s) combined asset size exceeds the recommended limit (244 KiB). This can impact web performance.
WARN Entrypoints:
WARN   main (3.27 MiB)
WARN       runtime~main.eedf03b7.iframe.bundle.js
WARN       877.42a5da4f.iframe.bundle.js
WARN       main.css
WARN       main.9f8bf817.iframe.bundle.js
WARN 
<s> [webpack.Progress] 99% cache shutdown
<s> [webpack.Progress] 99% cache shutdown
<s> [webpack.Progress] 100% 

info => Output directory: C:\\Users\\048743SM\\AppData\\Local\\Temp\\chromatic--972-aub5obAC41EX
